0 info it worked if it ends with ok
1 verbose cli [ '/usr/local/bin/node', '/usr/local/bin/npm', 'run', 'reseed' ]
2 info using npm@3.10.10
3 info using node@v6.10.1
4 verbose run-script [ 'prereseed', 'reseed', 'postreseed' ]
5 info lifecycle groupjoin@0.0.0~prereseed: groupjoin@0.0.0
6 silly lifecycle groupjoin@0.0.0~prereseed: no script for prereseed, continuing
7 info lifecycle groupjoin@0.0.0~reseed: groupjoin@0.0.0
8 verbose lifecycle groupjoin@0.0.0~reseed: unsafe-perm in lifecycle true
9 verbose lifecycle groupjoin@0.0.0~reseed: PATH: /usr/local/lib/node_modules/npm/bin/node-gyp-bin:/Users/SAK/Desktop/code/groupjoin/node_modules/.bin:/usr/local/bin:/usr/bin:/bin:/usr/sbin:/sbin
10 verbose lifecycle groupjoin@0.0.0~reseed: CWD: /Users/SAK/Desktop/code/groupjoin
11 silly lifecycle groupjoin@0.0.0~reseed: Args: [ '-c',
11 silly lifecycle   'sequelize db:migrate:undo:all && sequelize db:migrate && sequelize db:seed:all' ]
12 silly lifecycle groupjoin@0.0.0~reseed: Returned: code: 1  signal: null
13 info lifecycle groupjoin@0.0.0~reseed: Failed to exec reseed script
14 verbose stack Error: groupjoin@0.0.0 reseed: `sequelize db:migrate:undo:all && sequelize db:migrate && sequelize db:seed:all`
14 verbose stack Exit status 1
14 verbose stack     at EventEmitter.<anonymous> (/usr/local/lib/node_modules/npm/lib/utils/lifecycle.js:255:16)
14 verbose stack     at emitTwo (events.js:106:13)
14 verbose stack     at EventEmitter.emit (events.js:191:7)
14 verbose stack     at ChildProcess.<anonymous> (/usr/local/lib/node_modules/npm/lib/utils/spawn.js:40:14)
14 verbose stack     at emitTwo (events.js:106:13)
14 verbose stack     at ChildProcess.emit (events.js:191:7)
14 verbose stack     at maybeClose (internal/child_process.js:886:16)
14 verbose stack     at Process.ChildProcess._handle.onexit (internal/child_process.js:226:5)
15 verbose pkgid groupjoin@0.0.0
16 verbose cwd /Users/SAK/Desktop/code/groupjoin
17 error Darwin 16.7.0
18 error argv "/usr/local/bin/node" "/usr/local/bin/npm" "run" "reseed"
19 error node v6.10.1
20 error npm  v3.10.10
21 error code ELIFECYCLE
22 error groupjoin@0.0.0 reseed: `sequelize db:migrate:undo:all && sequelize db:migrate && sequelize db:seed:all`
22 error Exit status 1
23 error Failed at the groupjoin@0.0.0 reseed script 'sequelize db:migrate:undo:all && sequelize db:migrate && sequelize db:seed:all'.
23 error Make sure you have the latest version of node.js and npm installed.
23 error If you do, this is most likely a problem with the groupjoin package,
23 error not with npm itself.
23 error Tell the author that this fails on your system:
23 error     sequelize db:migrate:undo:all && sequelize db:migrate && sequelize db:seed:all
23 error You can get information on how to open an issue for this project with:
23 error     npm bugs groupjoin
23 error Or if that isn't available, you can get their info via:
23 error     npm owner ls groupjoin
23 error There is likely additional logging output above.
24 verbose exit [ 1, true ]
